# JRE version: OpenJDK Runtime Environment Temurin-17.0.3+7 (17.0.3+7) (build 17.0.3+7)
# Java VM: OpenJDK 64-Bit Server VM Temurin-17.0.3+7 (17.0.3+7, mixed mode, emulated-client, tiered, compressed oops, compressed class ptrs, g1 gc, windows-amd64)
GC Precious Log:
 CPUs: 12 total, 12 available
 Memory: 16254M
 Large Page Support: Disabled
 NUMA Support: Disabled
 Compressed Oops: Enabled (Zero based)
 Heap Region Size: 2M
 Heap Min Capacity: 8M
 Heap Initial Capacity: 254M
 Heap Max Capacity: 4064M
 Pre-touch: Disabled
 Parallel Workers: 10
 Concurrent Workers: 3
 Concurrent Refinement Workers: 10
 Periodic GC: Disabled
Heap:
 garbage-first heap   total 90112K, used 48159K [0x0000000702000000, 0x0000000800000000)
  region size 2048K, 13 young (26624K), 2 survivors (4096K)
 Metaspace       used 60450K, committed 60800K, reserved 1105920K
  class space    used 8218K, committed 8384K, reserved 1048576K
GC Heap History (20 events):
Event: 1.093 GC heap before
{Heap before GC invocations=4 (full 0):
 garbage-first heap   total 49152K, used 33028K [0x0000000702000000, 0x0000000800000000)
  region size 2048K, 14 young (28672K), 2 survivors (4096K)
 Metaspace       used 25498K, committed 25792K, reserved 1073152K
  class space    used 3160K, committed 3328K, reserved 1048576K
}
Event: 1.096 GC heap after
{Heap after GC invocations=5 (full 0):
 garbage-first heap   total 49152K, used 11955K [0x0000000702000000, 0x0000000800000000)
  region size 2048K, 2 young (4096K), 2 survivors (4096K)
 Metaspace       used 25498K, committed 25792K, reserved 1073152K
  class space    used 3160K, committed 3328K, reserved 1048576K
}
Event: 1.245 GC heap before
{Heap before GC invocations=5 (full 0):
 garbage-first heap   total 49152K, used 30387K [0x0000000702000000, 0x0000000800000000)
  region size 2048K, 11 young (22528K), 2 survivors (4096K)
 Metaspace       used 28987K, committed 29248K, reserved 1081344K
  class space    used 3523K, committed 3648K, reserved 1048576K
}
Event: 1.247 GC heap after
{Heap after GC invocations=6 (full 0):
 garbage-first heap   total 49152K, used 12904K [0x0000000702000000, 0x0000000800000000)
  region size 2048K, 2 young (4096K), 2 survivors (4096K)
 Metaspace       used 28987K, committed 29248K, reserved 1081344K
  class space    used 3523K, committed 3648K, reserved 1048576K
}
Event: 1.402 GC heap before
{Heap before GC invocations=6 (full 0):
 garbage-first heap   total 49152K, used 31336K [0x0000000702000000, 0x0000000800000000)
  region size 2048K, 11 young (22528K), 2 survivors (4096K)
 Metaspace       used 30579K, committed 30912K, reserved 1081344K
  class space    used 3795K, committed 3968K, reserved 1048576K
}
Event: 1.404 GC heap after
{Heap after GC invocations=7 (full 0):
 garbage-first heap   total 49152K, used 14297K [0x0000000702000000, 0x0000000800000000)
  region size 2048K, 2 young (4096K), 2 survivors (4096K)
 Metaspace       used 30579K, committed 30912K, reserved 1081344K
  class space    used 3795K, committed 3968K, reserved 1048576K
}
Event: 1.589 GC heap before
{Heap before GC invocations=7 (full 0):
 garbage-first heap   total 49152K, used 30681K [0x0000000702000000, 0x0000000800000000)
  region size 2048K, 10 young (20480K), 2 survivors (4096K)
 Metaspace       used 32343K, committed 32704K, reserved 1081344K
  class space    used 4076K, committed 4224K, reserved 1048576K
}
Event: 1.593 GC heap after
{Heap after GC invocations=8 (full 0):
 garbage-first heap   total 155648K, used 15193K [0x0000000702000000, 0x0000000800000000)
  region size 2048K, 2 young (4096K), 2 survivors (4096K)
 Metaspace       used 32343K, committed 32704K, reserved 1081344K
  class space    used 4076K, committed 4224K, reserved 1048576K
}
Event: 1.909 GC heap before
{Heap before GC invocations=8 (full 0):
 garbage-first heap   total 155648K, used 37721K [0x0000000702000000, 0x0000000800000000)
  region size 2048K, 14 young (28672K), 2 survivors (4096K)
 Metaspace       used 35806K, committed 36160K, reserved 1081344K
  class space    used 4600K, committed 4800K, reserved 1048576K
}
Event: 1.913 GC heap after
{Heap after GC invocations=9 (full 0):
 garbage-first heap   total 155648K, used 17088K [0x0000000702000000, 0x0000000800000000)
  region size 2048K, 3 young (6144K), 3 survivors (6144K)
 Metaspace       used 35806K, committed 36160K, reserved 1081344K
  class space    used 4600K, committed 4800K, reserved 1048576K
}
Event: 2.337 GC heap before
{Heap before GC invocations=10 (full 0):
 garbage-first heap   total 75776K, used 56000K [0x0000000702000000, 0x0000000800000000)
  region size 2048K, 22 young (45056K), 3 survivors (6144K)
 Metaspace       used 40518K, committed 40896K, reserved 1089536K
  class space    used 5243K, committed 5440K, reserved 1048576K
}
Event: 2.343 GC heap after
{Heap after GC invocations=11 (full 0):
 garbage-first heap   total 75776K, used 20625K [0x0000000702000000, 0x0000000800000000)
  region size 2048K, 3 young (6144K), 3 survivors (6144K)
 Metaspace       used 40518K, committed 40896K, reserved 1089536K
  class space    used 5243K, committed 5440K, reserved 1048576K
}
Event: 2.364 GC heap before
{Heap before GC invocations=11 (full 0):
 garbage-first heap   total 75776K, used 22673K [0x0000000702000000, 0x0000000800000000)
  region size 2048K, 4 young (8192K), 3 survivors (6144K)
 Metaspace       used 40717K, committed 41088K, reserved 1089536K
  class space    used 5261K, committed 5440K, reserved 1048576K
}
Event: 2.368 GC heap after
{Heap after GC invocations=12 (full 0):
 garbage-first heap   total 75776K, used 21415K [0x0000000702000000, 0x0000000800000000)
  region size 2048K, 1 young (2048K), 1 survivors (2048K)
 Metaspace       used 40717K, committed 41088K, reserved 1089536K
  class space    used 5261K, committed 5440K, reserved 1048576K
}
Event: 2.731 GC heap before
{Heap before GC invocations=12 (full 0):
 garbage-first heap   total 75776K, used 52135K [0x0000000702000000, 0x0000000800000000)
  region size 2048K, 17 young (34816K), 1 survivors (2048K)
 Metaspace       used 44322K, committed 44672K, reserved 1089536K
  class space    used 5666K, committed 5824K, reserved 1048576K
}
Event: 2.734 GC heap after
{Heap after GC invocations=13 (full 0):
 garbage-first heap   total 120832K, used 22833K [0x0000000702000000, 0x0000000800000000)
  region size 2048K, 2 young (4096K), 2 survivors (4096K)
 Metaspace       used 44322K, committed 44672K, reserved 1089536K
  class space    used 5666K, committed 5824K, reserved 1048576K
}
Event: 3.133 GC heap before
{Heap before GC invocations=14 (full 0):
 garbage-first heap   total 90112K, used 71985K [0x0000000702000000, 0x0000000800000000)
  region size 2048K, 28 young (57344K), 2 survivors (4096K)
 Metaspace       used 52066K, committed 52416K, reserved 1097728K
  class space    used 6944K, committed 7104K, reserved 1048576K
}
Event: 3.138 GC heap after
{Heap after GC invocations=15 (full 0):
 garbage-first heap   total 90112K, used 26700K [0x0000000702000000, 0x0000000800000000)
  region size 2048K, 4 young (8192K), 4 survivors (8192K)
 Metaspace       used 52066K, committed 52416K, reserved 1097728K
  class space    used 6944K, committed 7104K, reserved 1048576K
}
Event: 4.096 GC heap before
{Heap before GC invocations=15 (full 0):
 garbage-first heap   total 90112K, used 63564K [0x0000000702000000, 0x0000000800000000)
  region size 2048K, 23 young (47104K), 4 survivors (8192K)
 Metaspace       used 58355K, committed 58752K, reserved 1105920K
  class space    used 7904K, committed 8064K, reserved 1048576K
}
Event: 4.104 GC heap after
{Heap after GC invocations=16 (full 0):
 garbage-first heap   total 90112K, used 29727K [0x0000000702000000, 0x0000000800000000)
  region size 2048K, 2 young (4096K), 2 survivors (4096K)
 Metaspace       used 58355K, committed 58752K, reserved 1105920K
  class space    used 7904K, committed 8064K, reserved 1048576K
}

